2019-06-18 01:16:55.185 [main] DEBUG c.b.d.ShopCategoryDao.queryShopCategoryByCondition -==>  Preparing: select s.id as s_id, s.name as s_name, s.image as s_image, s.`describe` as s_describe, s.parent_id, s.priority as s_priority, s.create_time as s_create_time, s.last_edit_time as s_last_edit_time, ss.id as ss_id, ss.name as ss_name, ss.image as ss_image, ss.`describe` as ss_describe, ss.priority as ss_priority, ss.create_time as ss_create_time, ss.last_edit_time as ss_last_edit_time from tb_shop_category s left join tb_shop_category ss on s.parent_id = ss.id WHERE s.parent_id = null 
2019-06-18 01:16:55.356 [main] DEBUG c.b.d.ShopCategoryDao.queryShopCategoryByCondition -==> Parameters: 
2019-06-18 01:16:55.420 [main] DEBUG c.b.d.ShopCategoryDao.queryShopCategoryByCondition -<==      Total: 0
2019-06-18 01:20:28.045 [main] DEBUG c.b.d.ShopCategoryDao.queryShopCategoryByCondition -==>  Preparing: select s.id as s_id, s.name as s_name, s.image as s_image, s.`describe` as s_describe, s.parent_id, s.priority as s_priority, s.create_time as s_create_time, s.last_edit_time as s_last_edit_time, ss.id as ss_id, ss.name as ss_name, ss.image as ss_image, ss.`describe` as ss_describe, ss.priority as ss_priority, ss.create_time as ss_create_time, ss.last_edit_time as ss_last_edit_time from tb_shop_category s left join tb_shop_category ss on s.parent_id = ss.id WHERE s.parent_id = ? 
2019-06-18 01:20:28.078 [main] DEBUG c.b.d.ShopCategoryDao.queryShopCategoryByCondition -==> Parameters: 0(Integer)
2019-06-18 01:20:28.108 [main] DEBUG c.b.d.ShopCategoryDao.queryShopCategoryByCondition -<==      Total: 0
2019-06-18 01:21:46.138 [main] DEBUG c.b.d.ShopCategoryDao.queryShopCategoryByCondition -==>  Preparing: select s.id as s_id, s.name as s_name, s.image as s_image, s.`describe` as s_describe, s.parent_id, s.priority as s_priority, s.create_time as s_create_time, s.last_edit_time as s_last_edit_time, ss.id as ss_id, ss.name as ss_name, ss.image as ss_image, ss.`describe` as ss_describe, ss.priority as ss_priority, ss.create_time as ss_create_time, ss.last_edit_time as ss_last_edit_time from tb_shop_category s left join tb_shop_category ss on s.parent_id = ss.id WHERE s.parent_id = null 
2019-06-18 01:21:46.170 [main] DEBUG c.b.d.ShopCategoryDao.queryShopCategoryByCondition -==> Parameters: 
2019-06-18 01:21:46.195 [main] DEBUG c.b.d.ShopCategoryDao.queryShopCategoryByCondition -<==      Total: 0
2019-06-18 01:22:40.348 [main] DEBUG c.b.d.ShopCategoryDao.queryShopCategoryByCondition -==>  Preparing: select s.id as s_id, s.name as s_name, s.image as s_image, s.`describe` as s_describe, s.parent_id, s.priority as s_priority, s.create_time as s_create_time, s.last_edit_time as s_last_edit_time, ss.id as ss_id, ss.name as ss_name, ss.image as ss_image, ss.`describe` as ss_describe, ss.priority as ss_priority, ss.create_time as ss_create_time, ss.last_edit_time as ss_last_edit_time from tb_shop_category s left join tb_shop_category ss on s.parent_id = ss.id WHERE s.parent_id = null 
2019-06-18 01:22:40.384 [main] DEBUG c.b.d.ShopCategoryDao.queryShopCategoryByCondition -==> Parameters: 
2019-06-18 01:22:40.416 [main] DEBUG c.b.d.ShopCategoryDao.queryShopCategoryByCondition -<==      Total: 0
2019-06-18 01:29:04.878 [main] DEBUG c.b.d.ShopCategoryDao.queryShopCategoryByCondition -==>  Preparing: select s.id as s_id, s.name as s_name, s.image as s_image, s.`describe` as s_describe, s.parent_id, s.priority as s_priority, s.create_time as s_create_time, s.last_edit_time as s_last_edit_time, ss.id as ss_id, ss.name as ss_name, ss.image as ss_image, ss.`describe` as ss_describe, ss.priority as ss_priority, ss.create_time as ss_create_time, ss.last_edit_time as ss_last_edit_time from tb_shop_category s left join tb_shop_category ss on s.parent_id = ss.id WHERE s.parent_id is null 
2019-06-18 01:29:04.911 [main] DEBUG c.b.d.ShopCategoryDao.queryShopCategoryByCondition -==> Parameters: 
2019-06-18 01:29:05.048 [main] DEBUG c.b.d.ShopCategoryDao.queryShopCategoryByCondition -<==      Total: 2
2019-06-18 01:29:46.952 [main] DEBUG c.b.d.ShopCategoryDao.queryShopCategoryByCondition -==>  Preparing: select s.id as s_id, s.name as s_name, s.image as s_image, s.`describe` as s_describe, s.parent_id, s.priority as s_priority, s.create_time as s_create_time, s.last_edit_time as s_last_edit_time, ss.id as ss_id, ss.name as ss_name, ss.image as ss_image, ss.`describe` as ss_describe, ss.priority as ss_priority, ss.create_time as ss_create_time, ss.last_edit_time as ss_last_edit_time from tb_shop_category s left join tb_shop_category ss on s.parent_id = ss.id WHERE s.parent_id is null and s.parent_id = ? 
2019-06-18 01:29:46.987 [main] DEBUG c.b.d.ShopCategoryDao.queryShopCategoryByCondition -==> Parameters: 0(Integer)
2019-06-18 01:29:47.020 [main] DEBUG c.b.d.ShopCategoryDao.queryShopCategoryByCondition -<==      Total: 0
2019-06-18 01:30:32.775 [main] DEBUG c.b.d.ShopCategoryDao.queryShopCategoryByCondition -==>  Preparing: select s.id as s_id, s.name as s_name, s.image as s_image, s.`describe` as s_describe, s.parent_id, s.priority as s_priority, s.create_time as s_create_time, s.last_edit_time as s_last_edit_time, ss.id as ss_id, ss.name as ss_name, ss.image as ss_image, ss.`describe` as ss_describe, ss.priority as ss_priority, ss.create_time as ss_create_time, ss.last_edit_time as ss_last_edit_time from tb_shop_category s left join tb_shop_category ss on s.parent_id = ss.id WHERE s.parent_id is null 
2019-06-18 01:30:32.830 [main] DEBUG c.b.d.ShopCategoryDao.queryShopCategoryByCondition -==> Parameters: 
2019-06-18 01:30:32.888 [main] DEBUG c.b.d.ShopCategoryDao.queryShopCategoryByCondition -<==      Total: 2
2019-06-18 01:31:15.728 [main] DEBUG c.b.d.ShopCategoryDao.queryShopCategoryByCondition -==>  Preparing: select s.id as s_id, s.name as s_name, s.image as s_image, s.`describe` as s_describe, s.parent_id, s.priority as s_priority, s.create_time as s_create_time, s.last_edit_time as s_last_edit_time, ss.id as ss_id, ss.name as ss_name, ss.image as ss_image, ss.`describe` as ss_describe, ss.priority as ss_priority, ss.create_time as ss_create_time, ss.last_edit_time as ss_last_edit_time from tb_shop_category s left join tb_shop_category ss on s.parent_id = ss.id WHERE s.parent_id = ? 
2019-06-18 01:31:15.763 [main] DEBUG c.b.d.ShopCategoryDao.queryShopCategoryByCondition -==> Parameters: 1(Integer)
2019-06-18 01:31:15.792 [main] DEBUG c.b.d.ShopCategoryDao.queryShopCategoryByCondition -<==      Total: 2
2019-06-18 01:31:30.141 [main] DEBUG c.b.d.ShopCategoryDao.queryShopCategoryByCondition -==>  Preparing: select s.id as s_id, s.name as s_name, s.image as s_image, s.`describe` as s_describe, s.parent_id, s.priority as s_priority, s.create_time as s_create_time, s.last_edit_time as s_last_edit_time, ss.id as ss_id, ss.name as ss_name, ss.image as ss_image, ss.`describe` as ss_describe, ss.priority as ss_priority, ss.create_time as ss_create_time, ss.last_edit_time as ss_last_edit_time from tb_shop_category s left join tb_shop_category ss on s.parent_id = ss.id WHERE s.parent_id = ? 
2019-06-18 01:31:30.172 [main] DEBUG c.b.d.ShopCategoryDao.queryShopCategoryByCondition -==> Parameters: 1(Integer)
2019-06-18 01:31:30.198 [main] DEBUG c.b.d.ShopCategoryDao.queryShopCategoryByCondition -<==      Total: 2
